<?xml version="1.0" encoding="UTF-8" ?>
<testsuite tests="1" failures="1" name="com.secookbook.examples.chapter01.GoogleSearchTest" time="12.087" errors="0" skipped="0">
  <properties>
[...]
</properties>
  <testcase classname="com.secookbook.examples.chapter01.GoogleSearchTest" name="testGoogleSearch" time="12.087">
    <failure message="expected:&lt;...ools cookbook - Tìm []Google&gt; but was:&lt;...ools cookbook - Tìm [với ]Google&gt;" type="org.junit.ComparisonFailure">org.junit.ComparisonFailure: expected:&lt;...ools cookbook - Tìm []Google&gt; but was:&lt;...ools cookbook - Tìm [với ]Google&gt;
	at org.junit.Assert.assertEquals(Assert.java:115)
	at org.junit.Assert.assertEquals(Assert.java:144)
	at com.secookbook.examples.chapter01.GoogleSearchTest.testGoogleSearch(GoogleSearchTest.java:46)
	at sun.reflect.NativeMethodAccessorImpl.invoke0(Native Method)
	at sun.reflect.NativeMethodAccessorImpl.invoke(Unknown Source)
	at sun.reflect.DelegatingMethodAccessorImpl.invoke(Unknown Source)
	at java.lang.reflect.Method.invoke(Unknown Source)
	at org.junit.runners.model.FrameworkMethod$1.runReflectiveCall(FrameworkMethod.java:50)
	at org.junit.internal.runners.model.ReflectiveCallable.run(ReflectiveCallable.java:12)
	at org.junit.runners.model.FrameworkMethod.invokeExplosively(FrameworkMethod.java:47)
	at org.junit.internal.runners.statements.InvokeMethod.evaluate(InvokeMethod.java:17)
	at org.junit.internal.runners.statements.RunBefores.evaluate(RunBefores.java:26)
	at org.junit.internal.runners.statements.RunAfters.evaluate(RunAfters.java:27)
	at org.junit.runners.ParentRunner.runLeaf(ParentRunner.java:325)
	at org.junit.runners.BlockJUnit4ClassRunner.runChild(BlockJUnit4ClassRunner.java:78)
	at org.junit.runners.BlockJUnit4ClassRunner.runChild(BlockJUnit4ClassRunner.java:57)
	at org.junit.runners.ParentRunner$3.run(ParentRunner.java:290)
	at org.junit.runners.ParentRunner$1.schedule(ParentRunner.java:71)
	at org.junit.runners.ParentRunner.runChildren(ParentRunner.java:288)
	at org.junit.runners.ParentRunner.access$000(ParentRunner.java:58)
	at org.junit.runners.ParentRunner$2.evaluate(ParentRunner.java:268)
	at org.junit.runners.ParentRunner.run(ParentRunner.java:363)
	at org.apache.maven.surefire.junit4.JUnit4Provider.execute(JUnit4Provider.java:252)
	at org.apache.maven.surefire.junit4.JUnit4Provider.executeTestSet(JUnit4Provider.java:141)
	at org.apache.maven.surefire.junit4.JUnit4Provider.invoke(JUnit4Provider.java:112)
	at sun.reflect.NativeMethodAccessorImpl.invoke0(Native Method)
	at sun.reflect.NativeMethodAccessorImpl.invoke(Unknown Source)
	at sun.reflect.DelegatingMethodAccessorImpl.invoke(Unknown Source)
	at java.lang.reflect.Method.invoke(Unknown Source)
	at org.apache.maven.surefire.util.ReflectionUtils.invokeMethodWithArray(ReflectionUtils.java:189)
	at org.apache.maven.surefire.booter.ProviderFactory$ProviderProxy.invoke(ProviderFactory.java:165)
	at org.apache.maven.surefire.booter.ProviderFactory.invokeProvider(ProviderFactory.java:85)
	at org.apache.maven.surefire.booter.ForkedBooter.runSuitesInProcess(ForkedBooter.java:115)
	at org.apache.maven.surefire.booter.ForkedBooter.main(ForkedBooter.java:75)
</failure>
    <system-err>1533202089428	geckodriver	INFO	geckodriver 0.21.0
1533202089436	geckodriver	INFO	Listening on 127.0.0.1:28269
1533202090109	mozrunner::runner	INFO	Running command: &quot;C:\\Program Files\\Mozilla Firefox\\firefox.exe&quot; &quot;-marionette&quot; &quot;-foreground&quot; &quot;-no-remote&quot; &quot;-profile&quot; &quot;C:\\Users\\RANNGU~1\\AppData\\Local\\Temp\\rust_mozprofile.aQV8XhSB44TG&quot;
Unable to read VR Path Registry from C:\Users\Ran Nguyen\AppData\Local\openvr\openvrpaths.vrpath
Unable to read VR Path Registry from C:\Users\Ran Nguyen\AppData\Local\openvr\openvrpaths.vrpath
Unable to read VR Path Registry from C:\Users\Ran Nguyen\AppData\Local\openvr\openvrpaths.vrpath
Unable to read VR Path Registry from C:\Users\Ran Nguyen\AppData\Local\openvr\openvrpaths.vrpath
Unable to read VR Path Registry from C:\Users\Ran Nguyen\AppData\Local\openvr\openvrpaths.vrpath
1533202093558	Marionette	INFO	Listening on port 57587
thg 8 02, 2018 4:28:14 CH org.openqa.selenium.remote.ProtocolHandshake createSession
INFO: Detected dialect: W3C
</system-err>
  </testcase>
</testsuite>